  main.cpp
C:\vsprojects\public\sort\sort\main.cpp(267,10): warning C4244: инициализация: преобразование "T" в "int", возможна потеря данных
          with
          [
              T=float
          ]
C:\vsprojects\public\sort\sort\main.cpp(376): message : выполняется компиляция ссылки на экземпляр шаблон функции "uint SortCalc<float>(Intuha<float> *,int,int)"
C:\Program Files (x86)\Microsoft Visual Studio\2019\Community\VC\Tools\MSVC\14.24.28314\include\chrono(632): message : выполняется компиляция ссылки на экземпляр класс шаблон функции "std::chrono::duration<double,std::ratio<1,1>>"
C:\Program Files (x86)\Microsoft Visual Studio\2019\Community\VC\Tools\MSVC\14.24.28314\include\chrono(178): message : выполняется компиляция ссылки на экземпляр класс шаблон функции "std::chrono::duration<__int64,std::nano>"
C:\Program Files (x86)\Microsoft Visual Studio\2019\Community\VC\Tools\MSVC\14.24.28314\include\chrono(610): message : выполняется компиляция ссылки на экземпляр класс шаблон функции "std::chrono::time_point<std::chrono::steady_clock,std::chrono::nanoseconds>"
C:\vsprojects\public\sort\sort\main.cpp(268,29): warning C4018: <=: несоответствие типов со знаком и без знака
C:\vsprojects\public\sort\sort\main.cpp(239,11): warning C4244: инициализация: преобразование "T" в "uint", возможна потеря данных
          with
          [
              T=float
          ]
C:\vsprojects\public\sort\sort\main.cpp(280): message : выполняется компиляция ссылки на экземпляр шаблон функции "float SortSpecial<T>(Intuha<T> *,int,uint &,const uint)"
          with
          [
              T=float
          ]
C:\vsprojects\public\sort\sort\main.cpp(376): message : выполняется компиляция ссылки на экземпляр шаблон функции "uint SortCalc<float>(Intuha<float> *,int,int)"
C:\vsprojects\public\sort\sort\main.cpp(242,58): warning C4244: =: преобразование "T" в "uint", возможна потеря данных
          with
          [
              T=float
          ]
C:\vsprojects\public\sort\sort\main.cpp(246,20): warning C4018: <: несоответствие типов со знаком и без знака
C:\vsprojects\public\sort\sort\main.cpp(248,20): warning C4018: <: несоответствие типов со знаком и без знака
C:\vsprojects\public\sort\sort\main.cpp(250,52): warning C4244: =: преобразование "float" в "uint", возможна потеря данных
C:\vsprojects\public\sort\sort\main.cpp(257,19): warning C4244: аргумент: преобразование "int" в "T", возможна потеря данных
          with
          [
              T=float
          ]
  sort.vcxproj -> C:\vsprojects\public\sort\x64\Debug\sort.exe
